<ns0:test-suite xmlns:ns0="urn:model.allure.qatools.yandex.ru" start="1463416233330" stop="1463416341197">
  <name>bdd.group_scenarios</name>
  <labels/>
  <test-cases>
    <test-case start="1463416233330" status="failed" stop="1463416302596">
      <name>test_add_new_group[name1-header1-footer1]</name>
      <description>groups.feature: Add new group</description>
      <failure>
        <stack-trace>header = 'header1', name = 'name1', footer = 'footer1'
request = &lt;FixtureRequest for &lt;Function 'test_add_new_group[name1-header1-footer1]'&gt;&gt;

    @scenario('groups.feature', 'Add new group')
&gt;   def test_add_new_group():

bdd\group_scenarios.py:5: 
_ _ _ _ _ _ _ _ _ _ _ _ _ _ _ _ _ _ _ _ _ _ _ _ _ _ _ _ _ _ _ _ _ _ _ _ _ _ _ _
env\lib\site-packages\pytest_bdd\scenario.py:192: in _execute_scenario
    _execute_step_function(request, scenario, step, step_func)
env\lib\site-packages\pytest_bdd\scenario.py:129: in _execute_step_function
    kwargs = dict((arg, request.getfuncargvalue(arg)) for arg in get_args(step_func))
env\lib\site-packages\pytest_bdd\scenario.py:129: in &lt;genexpr&gt;
    kwargs = dict((arg, request.getfuncargvalue(arg)) for arg in get_args(step_func))
env\lib\site-packages\_pytest\python.py:1612: in getfuncargvalue
    return self._get_active_fixturedef(argname).cached_result[0]
env\lib\site-packages\_pytest\python.py:1629: in _get_active_fixturedef
    result = self._getfuncargvalue(fixturedef)
env\lib\site-packages\_pytest\python.py:1675: in _getfuncargvalue
    val = fixturedef.execute(request=subrequest)
env\lib\site-packages\_pytest\python.py:2137: in execute
    self.yieldctx)
env\lib\site-packages\_pytest\python.py:2058: in call_fixture_func
    res = fixturefunc(**kwargs)
conftest.py:26: in app
    fixture = Application(browser=browser, baseUrl=web_config['baseUrl'])
fixture\application.py:9: in __init__
    self.wd = webdriver.Firefox()
env\lib\site-packages\selenium\webdriver\firefox\webdriver.py:78: in __init__
    self.binary, timeout)
env\lib\site-packages\selenium\webdriver\firefox\extension_connection.py:51: in __init__
    self.binary.launch_browser(self.profile, timeout=timeout)
env\lib\site-packages\selenium\webdriver\firefox\firefox_binary.py:68: in launch_browser
    self._wait_until_connectable(timeout=timeout)
_ _ _ _ _ _ _ _ _ _ _ _ _ _ _ _ _ _ _ _ _ _ _ _ _ _ _ _ _ _ _ _ _ _ _ _ _ _ _ _

self = &lt;selenium.webdriver.firefox.firefox_binary.FirefoxBinary object at 0x00000000063565F8&gt;
timeout = 30

    def _wait_until_connectable(self, timeout=30):
        """Blocks until the extension is connectable in the firefox."""
        count = 0
        while not utils.is_connectable(self.profile.port):
            if self.process.poll() is not None:
                # Browser has exited
                raise WebDriverException("The browser appears to have exited "
                      "before we could connect. If you specified a log_file in "
                      "the FirefoxBinary constructor, check it for details.")
            if count &gt;= timeout:
                self.kill()
                raise WebDriverException("Can't load the profile. Profile "
                      "Dir: %s If you specified a log_file in the "
                      "FirefoxBinary constructor, check it for details."
&gt;                     % (self.profile.path))
E               selenium.common.exceptions.WebDriverException: Message: Can't load the profile. Profile Dir: C:\Users\El\AppData\Local\Temp\tmpe3p1j94i If you specified a log_file in the FirefoxBinary constructor, check it for details.

env\lib\site-packages\selenium\webdriver\firefox\firefox_binary.py:106: WebDriverException</stack-trace>
        <message>WebDriverException: Message: Can't load the profile. Profile Dir: C:\Users\El\AppData\Local\Temp\tmpe3p1j94i If you specified a log_file in the FirefoxBinary constructor, check it for details.
</message>
      </failure>
      <steps/>
      <attachments/>
      <labels>
        <label name="severity" value="normal"/>
        <label name="thread" value="8648-MainThread"/>
        <label name="host" value="WINCTRL-3KJ6TVU"/>
      </labels>
    </test-case>
    <test-case start="1463416302601" status="failed" stop="1463416337151">
      <name>test_add_new_group[name2-header2-footer2]</name>
      <description>groups.feature: Add new group</description>
      <failure>
        <stack-trace>header = 'header2', name = 'name2', footer = 'footer2'
request = &lt;FixtureRequest for &lt;Function 'test_add_new_group[name2-header2-footer2]'&gt;&gt;

    @scenario('groups.feature', 'Add new group')
&gt;   def test_add_new_group():

bdd\group_scenarios.py:5: 
_ _ _ _ _ _ _ _ _ _ _ _ _ _ _ _ _ _ _ _ _ _ _ _ _ _ _ _ _ _ _ _ _ _ _ _ _ _ _ _
env\lib\site-packages\pytest_bdd\scenario.py:192: in _execute_scenario
    _execute_step_function(request, scenario, step, step_func)
env\lib\site-packages\pytest_bdd\scenario.py:134: in _execute_step_function
    step_func(**kwargs)
_ _ _ _ _ _ _ _ _ _ _ _ _ _ _ _ _ _ _ _ _ _ _ _ _ _ _ _ _ _ _ _ _ _ _ _ _ _ _ _

db = &lt;fixture.db.DbFixture object at 0x0000000006271BA8&gt;
group_list = [3:New group:test group:test group, 6:test group:test group:test group, 10:New group::, 11:New group:test group:test group, 12:New group::, 13:Modified group:test group:test group, ...]
new_group = None:name2:header2:footer2

    @then('the new group list is equal to the old list with the edit group')
    def verify_group_edit(db, group_list, new_group):
        old_groups = group_list
        new_groups = db.get_group_list()
        old_groups.append(new_group)
&gt;       assert sorted(old_groups, key = Group.id_or_max) == sorted(new_groups, key = Group.id_or_max)
E       assert [3:New group:...st group, ...] == [3:New group:t...st group, ...]
E         At index 109 diff: None:name2:header2:footer2 != 141:::
E         Use -v to get the full diff

bdd\group_steps.py:22: AssertionError</stack-trace>
        <message>AssertionError: assert [3:New group:...st group, ...] == [3:New group:t...st group, ...]
  At index 109 diff: None:name2:header2:footer2 != 141:::
  Use -v to get the full diff</message>
      </failure>
      <steps/>
      <attachments/>
      <labels>
        <label name="severity" value="normal"/>
        <label name="thread" value="8648-MainThread"/>
        <label name="host" value="WINCTRL-3KJ6TVU"/>
      </labels>
    </test-case>
    <test-case start="1463416337155" status="passed" stop="1463416338790">
      <name>test_delete_group</name>
      <description>groups.feature: Delete a group</description>
      <steps/>
      <attachments/>
      <labels>
        <label name="severity" value="normal"/>
        <label name="thread" value="8648-MainThread"/>
        <label name="host" value="WINCTRL-3KJ6TVU"/>
      </labels>
    </test-case>
    <test-case start="1463416338794" status="passed" stop="1463416341197">
      <name>test_modify_group</name>
      <description>groups.feature: Modify a group</description>
      <steps/>
      <attachments/>
      <labels>
        <label name="severity" value="normal"/>
        <label name="thread" value="8648-MainThread"/>
        <label name="host" value="WINCTRL-3KJ6TVU"/>
      </labels>
    </test-case>
  </test-cases>
</ns0:test-suite>
